[debug] [2024-08-21T13:44:30.573Z] ----------------------------------------------------------------------
[debug] [2024-08-21T13:44:30.590Z] Command:       C:\Program Files\nodejs\node.exe C:\Users\FILL-STACK DEVELOPER\Desktop\Phase-4\Second-Project\amazone-clone-app\node_modules\firebase-tools\lib\bin\firebase.js emulators:start --only functions
[debug] [2024-08-21T13:44:30.593Z] CLI Version:   13.14.2
[debug] [2024-08-21T13:44:30.594Z] Platform:      win32
[debug] [2024-08-21T13:44:30.595Z] Node Version:  v20.13.1
[debug] [2024-08-21T13:44:30.621Z] Time:          Wed Aug 21 2024 16:44:30 GMT+0300 (East Africa Time)
[debug] [2024-08-21T13:44:30.621Z] ----------------------------------------------------------------------
[debug] 
[debug] [2024-08-21T13:44:31.761Z] > command requires scopes: ["email","openid","https://www.googleapis.com/auth/cloudplatformprojects.readonly","https://www.googleapis.com/auth/firebase","https://www.googleapis.com/auth/cloud-platform"]
[debug] [2024-08-21T13:44:31.763Z] > authorizing via signed-in user (usmanmoh2001@gmail.com)
[info] i  emulators: Starting emulators: functions {"metadata":{"emulator":{"name":"hub"},"message":"Starting emulators: functions"}}
[debug] [2024-08-21T13:44:33.149Z] [logging] Logging Emulator only supports listening on one address (127.0.0.1). Not listening on ::1
[debug] [2024-08-21T13:44:33.150Z] assigned listening specs for emulators {"user":{"hub":[{"address":"127.0.0.1","family":"IPv4","port":4400},{"address":"::1","family":"IPv6","port":4400}],"ui":[{"address":"127.0.0.1","family":"IPv4","port":4000},{"address":"::1","family":"IPv6","port":4000}],"logging":[{"address":"127.0.0.1","family":"IPv4","port":4500}]},"metadata":{"message":"assigned listening specs for emulators"}}
[debug] [2024-08-21T13:44:33.192Z] [hub] writing locator at C:\Users\FILL-S~1\AppData\Local\Temp\hub-e-clone-d5ecc.json
[debug] [2024-08-21T13:44:33.384Z] [functions] Functions Emulator only supports listening on one address (127.0.0.1). Not listening on ::1
[debug] [2024-08-21T13:44:33.385Z] [eventarc] Eventarc Emulator only supports listening on one address (127.0.0.1). Not listening on ::1
[debug] [2024-08-21T13:44:33.385Z] late-assigned ports for functions and eventarc emulators {"user":{"hub":[{"address":"127.0.0.1","family":"IPv4","port":4400},{"address":"::1","family":"IPv6","port":4400}],"ui":[{"address":"127.0.0.1","family":"IPv4","port":4000},{"address":"::1","family":"IPv6","port":4000}],"logging":[{"address":"127.0.0.1","family":"IPv4","port":4500}],"functions":[{"address":"127.0.0.1","family":"IPv4","port":5001}],"eventarc":[{"address":"127.0.0.1","family":"IPv4","port":9299}]},"metadata":{"message":"late-assigned ports for functions and eventarc emulators"}}
[warn] !  functions: The following emulators are not running, calls to these services from the Functions emulator will affect production: auth, firestore, database, hosting, pubsub, storage, dataconnect {"metadata":{"emulator":{"name":"functions"},"message":"The following emulators are not running, calls to these services from the Functions emulator will affect production: \u001b[1mauth, firestore, database, hosting, pubsub, storage, dataconnect\u001b[22m"}}
[debug] [2024-08-21T13:44:33.475Z] defaultcredentials: writing to file C:\Users\FILL-STACK DEVELOPER\AppData\Roaming\firebase\usmanmoh2001_gmail_com_application_default_credentials.json
[debug] [2024-08-21T13:44:41.431Z] Setting GAC to C:\Users\FILL-STACK DEVELOPER\AppData\Roaming\firebase\usmanmoh2001_gmail_com_application_default_credentials.json {"metadata":{"emulator":{"name":"functions"},"message":"Setting GAC to C:\\Users\\FILL-STACK DEVELOPER\\AppData\\Roaming\\firebase\\usmanmoh2001_gmail_com_application_default_credentials.json"}}
[debug] [2024-08-21T13:44:41.437Z] > refreshing access token with scopes: []
[debug] [2024-08-21T13:44:41.442Z] >>> [apiv2][query] POST https://www.googleapis.com/oauth2/v3/token [none]
[debug] [2024-08-21T13:44:41.442Z] >>> [apiv2][body] POST https://www.googleapis.com/oauth2/v3/token [omitted]
[debug] [2024-08-21T13:44:45.136Z] <<< [apiv2][status] POST https://www.googleapis.com/oauth2/v3/token 200
[debug] [2024-08-21T13:44:45.138Z] <<< [apiv2][body] POST https://www.googleapis.com/oauth2/v3/token [omitted]
[debug] [2024-08-21T13:44:45.352Z] >>> [apiv2][query] GET https://firebase.googleapis.com/v1beta1/projects/e-clone-d5ecc/adminSdkConfig [none]
[debug] [2024-08-21T13:44:46.437Z] <<< [apiv2][status] GET https://firebase.googleapis.com/v1beta1/projects/e-clone-d5ecc/adminSdkConfig 200
[debug] [2024-08-21T13:44:46.438Z] <<< [apiv2][body] GET https://firebase.googleapis.com/v1beta1/projects/e-clone-d5ecc/adminSdkConfig {"projectId":"e-clone-d5ecc","storageBucket":"e-clone-d5ecc.appspot.com"}
[debug] [2024-08-21T13:44:46.575Z] Ignoring unsupported arg: auto_download {"metadata":{"emulator":{"name":"ui"},"message":"Ignoring unsupported arg: auto_download"}}
[debug] [2024-08-21T13:44:46.575Z] Ignoring unsupported arg: port {"metadata":{"emulator":{"name":"ui"},"message":"Ignoring unsupported arg: port"}}
[debug] [2024-08-21T13:44:46.576Z] Starting Emulator UI with command {"binary":"node","args":["C:\\Users\\FILL-STACK DEVELOPER\\.cache\\firebase\\emulators\\ui-v1.13.0\\server\\server.mjs"],"optionalArgs":[],"joinArgs":false,"shell":false} {"metadata":{"emulator":{"name":"ui"},"message":"Starting Emulator UI with command {\"binary\":\"node\",\"args\":[\"C:\\\\Users\\\\FILL-STACK DEVELOPER\\\\.cache\\\\firebase\\\\emulators\\\\ui-v1.13.0\\\\server\\\\server.mjs\"],\"optionalArgs\":[],\"joinArgs\":false,\"shell\":false}"}}
[info] i  ui: Emulator UI logging to ui-debug.log {"metadata":{"emulator":{"name":"ui"},"message":"Emulator UI logging to \u001b[1mui-debug.log\u001b[22m"}}
[debug] [2024-08-21T13:44:47.197Z] Web / API server started at 127.0.0.1:4000
Web / API server started at ::1:4000
 {"metadata":{"emulator":{"name":"ui"},"message":"Web / API server started at 127.0.0.1:4000\nWeb / API server started at ::1:4000\n"}}
[info] i  functions: Watching "C:\Users\FILL-STACK DEVELOPER\Desktop\Phase-4\Second-Project\amazone-clone-app\functions" for Cloud Functions... {"metadata":{"emulator":{"name":"functions"},"message":"Watching \"C:\\Users\\FILL-STACK DEVELOPER\\Desktop\\Phase-4\\Second-Project\\amazone-clone-app\\functions\" for Cloud Functions..."}}
[debug] [2024-08-21T13:44:47.339Z] Validating nodejs source
[warn] !  functions: package.json indicates an outdated version of firebase-functions. Please upgrade using npm install --save firebase-functions@latest in your functions directory. 
[debug] [2024-08-21T13:44:55.071Z] > [functions] package.json contents: {
  "name": "functions",
  "description": "Cloud Functions for Firebase",
  "scripts": {
    "serve": "firebase emulators:start --only functions",
    "shell": "firebase functions:shell",
    "start": "npm run shell",
    "deploy": "firebase deploy --only functions",
    "logs": "firebase functions:log"
  },
  "engines": {
    "node": "18"
  },
  "main": "index.js",
  "dependencies": {
    "axios": "^1.7.3",
    "cors": "^2.8.5",
    "dotenv": "^16.4.5",
    "express": "^4.19.2",
    "firebase-admin": "^12.1.0",
    "firebase-functions": "^5.0.0",
    "stripe": "^16.7.0"
  },
  "devDependencies": {
    "firebase-functions-test": "^3.1.0"
  },
  "private": true
}
[debug] [2024-08-21T13:44:55.071Z] Building nodejs source
[debug] [2024-08-21T13:44:55.072Z] Failed to find version of module node: reached end of search path C:\Users\FILL-STACK DEVELOPER\Desktop\Phase-4\Second-Project\amazone-clone-app\functions\node_modules
[warn] !  functions: Your requested "node" version "18" doesn't match your global version "20". Using node@20 from host. 
[info] i  functions: Loaded environment variables from .env. 
[debug] [2024-08-21T13:44:55.146Z] Could not find functions.yaml. Must use http discovery
[debug] [2024-08-21T13:44:55.181Z] Found firebase-functions binary at 'C:\Users\FILL-STACK DEVELOPER\Desktop\Phase-4\Second-Project\amazone-clone-app\functions\node_modules\.bin\firebase-functions'
[info] Serving at port 8445

[error] !!  functions: Failed to load function definition from source: FirebaseError: User code failed to load. Cannot determine backend specification {"metadata":{"emulator":{"name":"functions"},"message":"Failed to load function definition from source: FirebaseError: User code failed to load. Cannot determine backend specification"}}
[info] 
┌─────────────────────────────────────────────────────────────┐
│ ✔  All emulators ready! It is now safe to connect your app. │
│ i  View Emulator UI at http://127.0.0.1:4000/               │
└─────────────────────────────────────────────────────────────┘

┌───────────┬────────────────┬─────────────────────────────────┐
│ Emulator  │ Host:Port      │ View in Emulator UI             │
├───────────┼────────────────┼─────────────────────────────────┤
│ Functions │ 127.0.0.1:5001 │ http://127.0.0.1:4000/functions │
└───────────┴────────────────┴─────────────────────────────────┘
  Emulator Hub running at 127.0.0.1:4400
  Other reserved ports: 4500

Issues? Report them at https://github.com/firebase/firebase-tools/issues and attach the *-debug.log files.
 
